Tue Dec 16 10:12:39 COT 2014 : Servidor de red Apache Derby: Se ha iniciado 10.10.1.3 - (1557168) y está listo para aceptar las conexiones en el puerto 1527
----------------------------------------------------------------
Tue Dec 16 10:12:40 COT 2014:
 Iniciando instancia a816c00e-014a-53a8-8029-0000202f92cf de Derby, versión The Apache Software Foundation - Apache Derby - 10.10.1.3 - (1557168): 
en el directorio de base de datos E:\MisArchivos\NetBeansProjects\TareaProgramming\tareaprogramming con el cargador de clases sun.misc.Launcher$AppClassLoader@1d44bcfa
Cargado desde file:/E:/Java/jdk1.8.0_25x64/db/lib/derby.jar
java.vendor=Oracle Corporation
java.runtime.version=1.8.0_25-b18
user.dir=E:\Java\jdk1.8.0_25x64\db
os.name=Windows 7
os.arch=amd64
os.version=6.1
derby.system.home=E:\MisArchivos\NetBeansProjects\TareaProgramming
Cargador de clases de base de datos iniciado - derby.database.classpath=''
----------------------------------------------------------------
Tue Dec 16 11:16:37 COT 2014: cerrando motor de Derby
----------------------------------------------------------------
Tue Dec 16 11:16:37 COT 2014:
Cerrando la instancia a816c00e-014a-53a8-8029-0000202f92cf en el directorio de base de datos E:\MisArchivos\NetBeansProjects\TareaProgramming\tareaprogramming con cargador de clases sun.misc.Launcher$AppClassLoader@1d44bcfa
----------------------------------------------------------------
